              :-) GROMACS - gmx mdrun, 2020.1-Ubuntu-2020.1-1 (-:

                            GROMACS is written by:
     Emile Apol      Rossen Apostolov      Paul Bauer     Herman J.C. Berendsen
    Par Bjelkmar      Christian Blau   Viacheslav Bolnykh     Kevin Boyd    
 Aldert van Buuren   Rudi van Drunen     Anton Feenstra       Alan Gray     
  Gerrit Groenhof     Anca Hamuraru    Vincent Hindriksen  M. Eric Irrgang  
  Aleksei Iupinov   Christoph Junghans     Joe Jordan     Dimitrios Karkoulis
    Peter Kasson        Jiri Kraus      Carsten Kutzner      Per Larsson    
  Justin A. Lemkul    Viveca Lindahl    Magnus Lundborg     Erik Marklund   
    Pascal Merz     Pieter Meulenhoff    Teemu Murtola       Szilard Pall   
    Sander Pronk      Roland Schulz      Michael Shirts    Alexey Shvetsov  
   Alfons Sijbers     Peter Tieleman      Jon Vincent      Teemu Virolainen 
 Christian Wennberg    Maarten Wolf      Artem Zhmurov   
                           and the project leaders:
        Mark Abraham, Berk Hess, Erik Lindahl, and David van der Spoel

Copyright (c) 1991-2000, University of Groningen, The Netherlands.
Copyright (c) 2001-2019, The GROMACS development team at
Uppsala University, Stockholm University and
the Royal Institute of Technology, Sweden.
check out http://www.gromacs.org for more information.

GROMACS is free software; you can redistribute it and/or modify it
under the terms of the GNU Lesser General Public License
as published by the Free Software Foundation; either version 2.1
of the License, or (at your option) any later version.

GROMACS:      gmx mdrun, version 2020.1-Ubuntu-2020.1-1
Executable:   /usr/bin/gmx
Data prefix:  /usr
Working dir:  /mnt/c/Users/Hannes/Documents/Studium/Master/SS_20/Biomolecular_Simulations/Final_Project_BioSim
Process ID:   331
Command line:
  gmx mdrun -v -deffnm ad_water_MD

GROMACS version:    2020.1-Ubuntu-2020.1-1
Precision:          single
Memory model:       64 bit
MPI library:        thread_mpi
OpenMP support:     enabled (GMX_OPENMP_MAX_THREADS = 64)
GPU support:        disabled
SIMD instructions:  SSE2
FFT library:        fftw-3.3.8-sse2-avx
RDTSCP usage:       disabled
TNG support:        enabled
Hwloc support:      hwloc-2.1.0
Tracing support:    disabled
C compiler:         /usr/bin/cc GNU 9.3.0
C compiler flags:   -msse2 -fexcess-precision=fast -funroll-all-loops
C++ compiler:       /usr/bin/c++ GNU 9.3.0
C++ compiler flags: -msse2 -fexcess-precision=fast -funroll-all-loops -fopenmp


Running on 1 node with total 4 cores, 8 logical cores
Hardware detected:
  CPU info:
    Vendor: Intel
    Brand:  Intel(R) Core(TM) i7-2670QM CPU @ 2.20GHz
    Family: 6   Model: 42   Stepping: 7
    Features: aes apic avx clfsh cmov cx8 cx16 htt intel lahf mmx msr nonstop_tsc pcid pclmuldq pdcm popcnt pse rdtscp sse2 sse3 sse4.1 sse4.2 ssse3 tdt x2apic
  Hardware topology: Basic
    Sockets, cores, and logical processors:
      Socket  0: [   0   1] [   2   3] [   4   5] [   6   7]

Highest SIMD level requested by all nodes in run: AVX_256
SIMD instructions selected at compile time:       SSE2
This program was compiled for different hardware than you are running on,
which could influence performance.
The current CPU can measure timings more accurately than the code in
gmx mdrun was configured to use. This might affect your simulation
speed as accurate timings are needed for load-balancing.
Please consider rebuilding gmx mdrun with the GMX_USE_RDTSCP=ON CMake option.

++++ PLEASE READ AND CITE THE FOLLOWING REFERENCE ++++
M. J. Abraham, T. Murtola, R. Schulz, S. Páll, J. C. Smith, B. Hess, E.
Lindahl
GROMACS: High performance molecular simulations through multi-level
parallelism from laptops to supercomputers
SoftwareX 1 (2015) pp. 19-25
-------- -------- --- Thank You --- -------- --------


++++ PLEASE READ AND CITE THE FOLLOWING REFERENCE ++++
S. Páll, M. J. Abraham, C. Kutzner, B. Hess, E. Lindahl
Tackling Exascale Software Challenges in Molecular Dynamics Simulations with
GROMACS
In S. Markidis & E. Laure (Eds.), Solving Software Challenges for Exascale 8759 (2015) pp. 3-27
-------- -------- --- Thank You --- -------- --------


++++ PLEASE READ AND CITE THE FOLLOWING REFERENCE ++++
S. Pronk, S. Páll, R. Schulz, P. Larsson, P. Bjelkmar, R. Apostolov, M. R.
Shirts, J. C. Smith, P. M. Kasson, D. van der Spoel, B. Hess, and E. Lindahl
GROMACS 4.5: a high-throughput and highly parallel open source molecular
simulation toolkit
Bioinformatics 29 (2013) pp. 845-54
-------- -------- --- Thank You --- -------- --------


++++ PLEASE READ AND CITE THE FOLLOWING REFERENCE ++++
B. Hess and C. Kutzner and D. van der Spoel and E. Lindahl
GROMACS 4: Algorithms for highly efficient, load-balanced, and scalable
molecular simulation
J. Chem. Theory Comput. 4 (2008) pp. 435-447
-------- -------- --- Thank You --- -------- --------


++++ PLEASE READ AND CITE THE FOLLOWING REFERENCE ++++
D. van der Spoel, E. Lindahl, B. Hess, G. Groenhof, A. E. Mark and H. J. C.
Berendsen
GROMACS: Fast, Flexible and Free
J. Comp. Chem. 26 (2005) pp. 1701-1719
-------- -------- --- Thank You --- -------- --------


++++ PLEASE READ AND CITE THE FOLLOWING REFERENCE ++++
E. Lindahl and B. Hess and D. van der Spoel
GROMACS 3.0: A package for molecular simulation and trajectory analysis
J. Mol. Mod. 7 (2001) pp. 306-317
-------- -------- --- Thank You --- -------- --------


++++ PLEASE READ AND CITE THE FOLLOWING REFERENCE ++++
H. J. C. Berendsen, D. van der Spoel and R. van Drunen
GROMACS: A message-passing parallel molecular dynamics implementation
Comp. Phys. Comm. 91 (1995) pp. 43-56
-------- -------- --- Thank You --- -------- --------

Input Parameters:
   integrator                     = md
   tinit                          = 0
   dt                             = 0.002
   nsteps                         = 2500000
   init-step                      = 0
   simulation-part                = 1
   comm-mode                      = Linear
   nstcomm                        = 25
   bd-fric                        = 0
   ld-seed                        = 153481961
   emtol                          = 10
   emstep                         = 0.01
   niter                          = 20
   fcstep                         = 0
   nstcgsteep                     = 1000
   nbfgscorr                      = 10
   rtpi                           = 0.05
   nstxout                        = 250000
   nstvout                        = 1000000
   nstfout                        = 1000000
   nstlog                         = 100000
   nstcalcenergy                  = 25
   nstenergy                      = 1000
   nstxout-compressed             = 100
   compressed-x-precision         = 1000
   cutoff-scheme                  = Verlet
   nstlist                        = 10
   pbc                            = xyz
   periodic-molecules             = false
   verlet-buffer-tolerance        = 0.005
   rlist                          = 0.9
   coulombtype                    = PME
   coulomb-modifier               = Potential-shift
   rcoulomb-switch                = 0
   rcoulomb                       = 0.9
   epsilon-r                      = 1
   epsilon-rf                     = inf
   vdw-type                       = Cut-off
   vdw-modifier                   = Potential-shift
   rvdw-switch                    = 0
   rvdw                           = 0.9
   DispCorr                       = No
   table-extension                = 1
   fourierspacing                 = 0.12
   fourier-nx                     = 16
   fourier-ny                     = 16
   fourier-nz                     = 16
   pme-order                      = 6
   ewald-rtol                     = 1e-05
   ewald-rtol-lj                  = 0.001
   lj-pme-comb-rule               = Geometric
   ewald-geometry                 = 0
   epsilon-surface                = 0
   tcoupl                         = V-rescale
   nsttcouple                     = 10
   nh-chain-length                = 0
   print-nose-hoover-chain-variables = false
   pcoupl                         = No
   pcoupltype                     = Isotropic
   nstpcouple                     = -1
   tau-p                          = 1
   compressibility (3x3):
      compressibility[    0]={ 0.00000e+00,  0.00000e+00,  0.00000e+00}
      compressibility[    1]={ 0.00000e+00,  0.00000e+00,  0.00000e+00}
      compressibility[    2]={ 0.00000e+00,  0.00000e+00,  0.00000e+00}
   ref-p (3x3):
      ref-p[    0]={ 0.00000e+00,  0.00000e+00,  0.00000e+00}
      ref-p[    1]={ 0.00000e+00,  0.00000e+00,  0.00000e+00}
      ref-p[    2]={ 0.00000e+00,  0.00000e+00,  0.00000e+00}
   refcoord-scaling               = No
   posres-com (3):
      posres-com[0]= 0.00000e+00
      posres-com[1]= 0.00000e+00
      posres-com[2]= 0.00000e+00
   posres-comB (3):
      posres-comB[0]= 0.00000e+00
      posres-comB[1]= 0.00000e+00
      posres-comB[2]= 0.00000e+00
   QMMM                           = false
   QMconstraints                  = 0
   QMMMscheme                     = 0
   MMChargeScaleFactor            = 1
qm-opts:
   ngQM                           = 0
   constraint-algorithm           = Shake
   continuation                   = false
   Shake-SOR                      = false
   shake-tol                      = 0.0001
   lincs-order                    = 4
   lincs-iter                     = 1
   lincs-warnangle                = 30
   nwall                          = 0
   wall-type                      = 9-3
   wall-r-linpot                  = -1
   wall-atomtype[0]               = -1
   wall-atomtype[1]               = -1
   wall-density[0]                = 0
   wall-density[1]                = 0
   wall-ewald-zfac                = 3
   pull                           = false
   awh                            = false
   rotation                       = false
   interactiveMD                  = false
   disre                          = No
   disre-weighting                = Conservative
   disre-mixed                    = false
   dr-fc                          = 1000
   dr-tau                         = 0
   nstdisreout                    = 100
   orire-fc                       = 0
   orire-tau                      = 0
   nstorireout                    = 100
   free-energy                    = no
   cos-acceleration               = 0
   deform (3x3):
      deform[    0]={ 0.00000e+00,  0.00000e+00,  0.00000e+00}
      deform[    1]={ 0.00000e+00,  0.00000e+00,  0.00000e+00}
      deform[    2]={ 0.00000e+00,  0.00000e+00,  0.00000e+00}
   simulated-tempering            = false
   swapcoords                     = no
   userint1                       = 0
   userint2                       = 0
   userint3                       = 0
   userint4                       = 0
   userreal1                      = 0
   userreal2                      = 0
   userreal3                      = 0
   userreal4                      = 0
   applied-forces:
     electric-field:
       x:
         E0                       = 0
         omega                    = 0
         t0                       = 0
         sigma                    = 0
       y:
         E0                       = 0
         omega                    = 0
         t0                       = 0
         sigma                    = 0
       z:
         E0                       = 0
         omega                    = 0
         t0                       = 0
         sigma                    = 0
     density-guided-simulation:
       active                     = false
       group                      = protein
       similarity-measure         = inner-product
       atom-spreading-weight      = unity
       force-constant             = 1e+09
       gaussian-transform-spreading-width = 0.2
       gaussian-transform-spreading-range-in-multiples-of-width = 4
       reference-density-filename = reference.mrc
       nst                        = 1
       normalize-densities        = true
       adaptive-force-scaling     = false
       adaptive-force-scaling-time-constant = 4
grpopts:
   nrdf:        1269
   ref-t:         300
   tau-t:         0.1
annealing:          No
annealing-npoints:           0
   acc:	           0           0           0
   nfreeze:           N           N           N
   energygrp-flags[  0]: 0

Changing nstlist from 10 to 25, rlist from 0.9 to 0.947


Using 1 MPI thread

Non-default thread affinity set, disabling internal thread affinity

Using 8 OpenMP threads 

System total charge: -0.000
Will do PME sum in reciprocal space for electrostatic interactions.

++++ PLEASE READ AND CITE THE FOLLOWING REFERENCE ++++
U. Essmann, L. Perera, M. L. Berkowitz, T. Darden, H. Lee and L. G. Pedersen 
A smooth particle mesh Ewald method
J. Chem. Phys. 103 (1995) pp. 8577-8592
-------- -------- --- Thank You --- -------- --------

Using a Gaussian width (1/beta) of 0.288146 nm for Ewald
Potential shift: LJ r^-12: -3.541e+00 r^-6: -1.882e+00, Ewald -1.111e-05
Initialized non-bonded Coulomb Ewald tables, spacing: 8.85e-04 size: 1018

Generated table with 973 data points for 1-4 COUL.
Tabscale = 500 points/nm
Generated table with 973 data points for 1-4 LJ6.
Tabscale = 500 points/nm
Generated table with 973 data points for 1-4 LJ12.
Tabscale = 500 points/nm

Using SIMD 4x4 nonbonded short-range kernels

Using a dual 4x4 pair-list setup updated with dynamic pruning:
  outer list: updated every 25 steps, buffer 0.047 nm, rlist 0.947 nm
  inner list: updated every 12 steps, buffer 0.002 nm, rlist 0.902 nm
At tolerance 0.005 kJ/mol/ps per atom, equivalent classical 1x1 list would be:
  outer list: updated every 25 steps, buffer 0.129 nm, rlist 1.029 nm
  inner list: updated every 12 steps, buffer 0.046 nm, rlist 0.946 nm

Using Lorentz-Berthelot Lennard-Jones combination rule

Removing pbc first time

++++ PLEASE READ AND CITE THE FOLLOWING REFERENCE ++++
J. P. Ryckaert and G. Ciccotti and H. J. C. Berendsen
Numerical Integration of the Cartesian Equations of Motion of a System with
Constraints; Molecular Dynamics of n-Alkanes
J. Comp. Phys. 23 (1977) pp. 327-341
-------- -------- --- Thank You --- -------- --------


++++ PLEASE READ AND CITE THE FOLLOWING REFERENCE ++++
S. Miyamoto and P. A. Kollman
SETTLE: An Analytical Version of the SHAKE and RATTLE Algorithms for Rigid
Water Models
J. Comp. Chem. 13 (1992) pp. 952-962
-------- -------- --- Thank You --- -------- --------


++++ PLEASE READ AND CITE THE FOLLOWING REFERENCE ++++
G. Bussi, D. Donadio and M. Parrinello
Canonical sampling through velocity rescaling
J. Chem. Phys. 126 (2007) pp. 014101
-------- -------- --- Thank You --- -------- --------

There are: 631 Atoms

Constraining the starting coordinates (step 0)

Constraining the coordinates at t0-dt (step 0)
Center of mass motion removal mode is Linear
We have the following groups for center of mass motion removal:
  0:  rest
Initial temperature: 1.22163e-08 K

Started mdrun on rank 0 Tue Jul 21 17:30:21 2020

           Step           Time
              0        0.00000

   Energies (kJ/mol)
           Bond          Angle    Proper Dih.  Improper Dih.          LJ-14
    2.02468e+00    5.78592e+00    4.87733e+01    1.00414e-01    1.40931e+01
     Coulomb-14        LJ (SR)   Coulomb (SR)   Coul. recip.      Potential
    2.00105e+02    9.62176e+02   -9.97188e+03    7.66646e+01   -8.66216e+03
    Kinetic En.   Total Energy  Conserved En.    Temperature Pressure (bar)
    3.93708e+00   -8.65822e+03   -8.65822e+03    7.46292e-01   -6.47811e+03

           Step           Time
         100000      200.00000

   Energies (kJ/mol)
           Bond          Angle    Proper Dih.  Improper Dih.          LJ-14
    1.70806e+01    2.86066e+01    4.77268e+01    2.98061e+00    1.03537e+01
     Coulomb-14        LJ (SR)   Coulomb (SR)   Coul. recip.      Potential
    1.96624e+02    1.13220e+03   -9.55527e+03    9.01865e+01   -8.02951e+03
    Kinetic En.   Total Energy  Conserved En.    Temperature Pressure (bar)
    1.51831e+03   -6.51120e+03   -8.59372e+03    2.87803e+02   -2.59319e+03

           Step           Time
         200000      400.00000

   Energies (kJ/mol)
           Bond          Angle    Proper Dih.  Improper Dih.          LJ-14
    1.67214e+01    2.51920e+01    3.99575e+01    1.76109e+00    1.08884e+01
     Coulomb-14        LJ (SR)   Coulomb (SR)   Coul. recip.      Potential
    1.78925e+02    1.28298e+03   -9.59079e+03    8.98545e+01   -7.94451e+03
    Kinetic En.   Total Energy  Conserved En.    Temperature Pressure (bar)
    1.54966e+03   -6.39485e+03   -8.58974e+03    2.93745e+02   -4.33766e+02

           Step           Time
         300000      600.00000

   Energies (kJ/mol)
           Bond          Angle    Proper Dih.  Improper Dih.          LJ-14
    1.15458e+01    5.31749e+01    4.29194e+01    2.28688e+00    1.74067e+01
     Coulomb-14        LJ (SR)   Coulomb (SR)   Coul. recip.      Potential
    1.92777e+02    1.22005e+03   -9.54767e+03    8.90249e+01   -7.91848e+03
    Kinetic En.   Total Energy  Conserved En.    Temperature Pressure (bar)
    1.52032e+03   -6.39817e+03   -8.58438e+03    2.88183e+02   -3.64424e+02

Writing checkpoint, step 342025 at Tue Jul 21 17:45:21 2020


           Step           Time
         400000      800.00000

   Energies (kJ/mol)
           Bond          Angle    Proper Dih.  Improper Dih.          LJ-14
    4.35567e+00    3.67425e+01    4.17488e+01    3.18504e-01    1.28985e+01
     Coulomb-14        LJ (SR)   Coulomb (SR)   Coul. recip.      Potential
    1.94648e+02    1.13234e+03   -9.47302e+03    8.75396e+01   -7.96243e+03
    Kinetic En.   Total Energy  Conserved En.    Temperature Pressure (bar)
    1.53111e+03   -6.43132e+03   -8.55981e+03    2.90228e+02   -9.83822e+02

           Step           Time
         500000     1000.00000

   Energies (kJ/mol)
           Bond          Angle    Proper Dih.  Improper Dih.          LJ-14
    5.76535e+00    3.40789e+01    4.07244e+01    2.81230e+00    2.19063e+01
     Coulomb-14        LJ (SR)   Coulomb (SR)   Coul. recip.      Potential
    1.92937e+02    1.28697e+03   -9.67060e+03    1.01945e+02   -7.98346e+03
    Kinetic En.   Total Energy  Conserved En.    Temperature Pressure (bar)
    1.66250e+03   -6.32096e+03   -8.55714e+03    3.15134e+02    2.24815e+01

           Step           Time
         600000     1200.00000

   Energies (kJ/mol)
           Bond          Angle    Proper Dih.  Improper Dih.          LJ-14
    9.32316e+00    3.20459e+01    4.52143e+01    3.75744e+00    1.41584e+01
     Coulomb-14        LJ (SR)   Coulomb (SR)   Coul. recip.      Potential
    1.85496e+02    1.17792e+03   -9.65745e+03    9.61413e+01   -8.09340e+03
    Kinetic En.   Total Energy  Conserved En.    Temperature Pressure (bar)
    1.51402e+03   -6.57938e+03   -8.54063e+03    2.86990e+02   -7.09245e+02

           Step           Time
         700000     1400.00000

   Energies (kJ/mol)
           Bond          Angle    Proper Dih.  Improper Dih.          LJ-14
    7.53713e+00    2.75473e+01    4.11054e+01    3.19009e+00    1.16004e+01
     Coulomb-14        LJ (SR)   Coulomb (SR)   Coul. recip.      Potential
    1.95593e+02    1.29264e+03   -9.79137e+03    7.44111e+01   -8.13775e+03
    Kinetic En.   Total Energy  Conserved En.    Temperature Pressure (bar)
    1.59627e+03   -6.54148e+03   -8.53879e+03    3.02580e+02   -5.91870e+02

Writing checkpoint, step 709875 at Tue Jul 21 18:00:21 2020


           Step           Time
         800000     1600.00000

   Energies (kJ/mol)
           Bond          Angle    Proper Dih.  Improper Dih.          LJ-14
    5.36128e+00    4.42007e+01    4.65603e+01    4.45557e+00    1.09968e+01
     Coulomb-14        LJ (SR)   Coulomb (SR)   Coul. recip.      Potential
    1.93274e+02    1.19286e+03   -9.69841e+03    8.44083e+01   -8.11629e+03
    Kinetic En.   Total Energy  Conserved En.    Temperature Pressure (bar)
    1.68462e+03   -6.43167e+03   -8.51689e+03    3.19327e+02   -1.27665e+03

           Step           Time
         900000     1800.00000

   Energies (kJ/mol)
           Bond          Angle    Proper Dih.  Improper Dih.          LJ-14
    2.16431e+01    5.49200e+01    3.99822e+01    5.05274e+00    1.57346e+01
     Coulomb-14        LJ (SR)   Coulomb (SR)   Coul. recip.      Potential
    1.93767e+02    1.15811e+03   -9.40987e+03    1.04401e+02   -7.81626e+03
    Kinetic En.   Total Energy  Conserved En.    Temperature Pressure (bar)
    1.50702e+03   -6.30924e+03   -8.48765e+03    2.85663e+02   -6.42645e+02

           Step           Time
        1000000     2000.00000

   Energies (kJ/mol)
           Bond          Angle    Proper Dih.  Improper Dih.          LJ-14
    1.81726e+01    3.01069e+01    5.40498e+01    1.18841e+00    1.29042e+01
     Coulomb-14        LJ (SR)   Coulomb (SR)   Coul. recip.      Potential
    1.87503e+02    9.72852e+02   -9.28461e+03    9.11802e+01   -7.91665e+03
    Kinetic En.   Total Energy  Conserved En.    Temperature Pressure (bar)
    1.52030e+03   -6.39636e+03   -8.48622e+03    2.88179e+02   -2.71715e+03

           Step           Time
        1100000     2200.00000

   Energies (kJ/mol)
           Bond          Angle    Proper Dih.  Improper Dih.          LJ-14
    1.09088e+01    3.13141e+01    4.46055e+01    1.31814e+00    9.68128e+00
     Coulomb-14        LJ (SR)   Coulomb (SR)   Coul. recip.      Potential
    1.91737e+02    1.12292e+03   -9.43017e+03    9.37525e+01   -7.92393e+03
    Kinetic En.   Total Energy  Conserved En.    Temperature Pressure (bar)
    1.53089e+03   -6.39304e+03   -8.46820e+03    2.90188e+02   -1.78558e+03

           Step           Time
        1200000     2400.00000

   Energies (kJ/mol)
           Bond          Angle    Proper Dih.  Improper Dih.          LJ-14
    8.29334e+00    3.96647e+01    4.70379e+01    1.26064e+00    1.67514e+01
     Coulomb-14        LJ (SR)   Coulomb (SR)   Coul. recip.      Potential
    2.11113e+02    1.20840e+03   -9.66914e+03    8.50581e+01   -8.05157e+03
    Kinetic En.   Total Energy  Conserved En.    Temperature Pressure (bar)
    1.51654e+03   -6.53503e+03   -8.45538e+03    2.87467e+02   -8.39058e+02

           Step           Time
        1300000     2600.00000

   Energies (kJ/mol)
           Bond          Angle    Proper Dih.  Improper Dih.          LJ-14
    1.30815e+01    3.77178e+01    3.91270e+01    1.03639e+00    1.46649e+01
     Coulomb-14        LJ (SR)   Coulomb (SR)   Coul. recip.      Potential
    1.83075e+02    1.22243e+03   -9.61546e+03    8.92460e+01   -8.01509e+03
    Kinetic En.   Total Energy  Conserved En.    Temperature Pressure (bar)
    1.56014e+03   -6.45495e+03   -8.44505e+03    2.95731e+02   -6.53216e+02

Writing checkpoint, step 1358450 at Tue Jul 21 18:15:21 2020


           Step           Time
        1400000     2800.00000

   Energies (kJ/mol)
           Bond          Angle    Proper Dih.  Improper Dih.          LJ-14
    2.27694e+01    2.82312e+01    4.19682e+01    2.81189e+00    1.26204e+01
     Coulomb-14        LJ (SR)   Coulomb (SR)   Coul. recip.      Potential
    1.77401e+02    1.15477e+03   -9.49961e+03    7.88616e+01   -7.98018e+03
    Kinetic En.   Total Energy  Conserved En.    Temperature Pressure (bar)
    1.63069e+03   -6.34949e+03   -8.43457e+03    3.09105e+02   -1.41196e+03

           Step           Time
        1500000     3000.00000

   Energies (kJ/mol)
           Bond          Angle    Proper Dih.  Improper Dih.          LJ-14
    1.54392e+01    4.94764e+01    5.03416e+01    1.06208e+01    1.18724e+01
     Coulomb-14        LJ (SR)   Coulomb (SR)   Coul. recip.      Potential
    1.72753e+02    1.06057e+03   -9.35376e+03    1.07166e+02   -7.87553e+03
    Kinetic En.   Total Energy  Conserved En.    Temperature Pressure (bar)
    1.66328e+03   -6.21225e+03   -8.42901e+03    3.15282e+02   -1.62734e+03

           Step           Time
        1600000     3200.00000

   Energies (kJ/mol)
           Bond          Angle    Proper Dih.  Improper Dih.          LJ-14
    1.06873e+01    4.03015e+01    4.52457e+01    4.74578e+00    9.81903e+00
     Coulomb-14        LJ (SR)   Coulomb (SR)   Coul. recip.      Potential
    1.90321e+02    1.21291e+03   -9.61766e+03    9.72026e+01   -8.00643e+03
    Kinetic En.   Total Energy  Conserved En.    Temperature Pressure (bar)
    1.62489e+03   -6.38154e+03   -8.41836e+03    3.08006e+02   -1.21648e+03

           Step           Time
        1700000     3400.00000

   Energies (kJ/mol)
           Bond          Angle    Proper Dih.  Improper Dih.          LJ-14
    1.28937e+01    2.48936e+01    5.46664e+01    1.41870e+00    8.91150e+00
     Coulomb-14        LJ (SR)   Coulomb (SR)   Coul. recip.      Potential
    1.93273e+02    1.24548e+03   -9.64014e+03    8.58583e+01   -8.01275e+03
    Kinetic En.   Total Energy  Conserved En.    Temperature Pressure (bar)
    1.60805e+03   -6.40470e+03   -8.40255e+03    3.04812e+02   -8.49750e+02

           Step           Time
        1800000     3600.00000

   Energies (kJ/mol)
           Bond          Angle    Proper Dih.  Improper Dih.          LJ-14
    1.80616e+01    4.65772e+01    4.59121e+01    2.42588e+00    1.50779e+01
     Coulomb-14        LJ (SR)   Coulomb (SR)   Coul. recip.      Potential
    2.02940e+02    1.20169e+03   -9.61103e+03    8.03380e+01   -7.99801e+03
    Kinetic En.   Total Energy  Conserved En.    Temperature Pressure (bar)
    1.65009e+03   -6.34792e+03   -8.39266e+03    3.12782e+02   -1.99914e+02

           Step           Time
        1900000     3800.00000

   Energies (kJ/mol)
           Bond          Angle    Proper Dih.  Improper Dih.          LJ-14
    7.52059e+00    3.88104e+01    4.40254e+01    6.19162e+00    1.60450e+01
     Coulomb-14        LJ (SR)   Coulomb (SR)   Coul. recip.      Potential
    1.94411e+02    1.16436e+03   -9.41244e+03    7.43916e+01   -7.86669e+03
    Kinetic En.   Total Energy  Conserved En.    Temperature Pressure (bar)
    1.54585e+03   -6.32083e+03   -8.37508e+03    2.93023e+02   -5.79390e+02

           Step           Time
        2000000     4000.00000

   Energies (kJ/mol)
           Bond          Angle    Proper Dih.  Improper Dih.          LJ-14
    9.62188e+00    2.02659e+01    4.55757e+01    4.41167e+00    1.16853e+01
     Coulomb-14        LJ (SR)   Coulomb (SR)   Coul. recip.      Potential
    1.91823e+02    1.08801e+03   -9.39594e+03    8.72079e+01   -7.93734e+03
    Kinetic En.   Total Energy  Conserved En.    Temperature Pressure (bar)
    1.60086e+03   -6.33648e+03   -8.36176e+03    3.03451e+02   -1.43306e+03

Writing checkpoint, step 2034625 at Tue Jul 21 18:30:21 2020


           Step           Time
        2100000     4200.00000

   Energies (kJ/mol)
           Bond          Angle    Proper Dih.  Improper Dih.          LJ-14
    9.16827e+00    2.13823e+01    4.63779e+01    2.00134e+00    1.09093e+01
     Coulomb-14        LJ (SR)   Coulomb (SR)   Coul. recip.      Potential
    1.95179e+02    1.23595e+03   -9.50519e+03    9.98012e+01   -7.88442e+03
    Kinetic En.   Total Energy  Conserved En.    Temperature Pressure (bar)
    1.63911e+03   -6.24531e+03   -8.34102e+03    3.10700e+02   -2.95103e+02

           Step           Time
        2200000     4400.00000

   Energies (kJ/mol)
           Bond          Angle    Proper Dih.  Improper Dih.          LJ-14
    2.33407e+01    4.43586e+01    4.80406e+01    1.75602e+00    1.22021e+01
     Coulomb-14        LJ (SR)   Coulomb (SR)   Coul. recip.      Potential
    2.02243e+02    1.18112e+03   -9.58945e+03    9.25026e+01   -7.98388e+03
    Kinetic En.   Total Energy  Conserved En.    Temperature Pressure (bar)
    1.54140e+03   -6.44248e+03   -8.31726e+03    2.92180e+02   -7.92762e+02

           Step           Time
        2300000     4600.00000

   Energies (kJ/mol)
           Bond          Angle    Proper Dih.  Improper Dih.          LJ-14
    1.55823e+01    2.70885e+01    5.41907e+01    2.57778e+00    1.10901e+01
     Coulomb-14        LJ (SR)   Coulomb (SR)   Coul. recip.      Potential
    1.89185e+02    1.16681e+03   -9.38594e+03    9.47826e+01   -7.82463e+03
    Kinetic En.   Total Energy  Conserved En.    Temperature Pressure (bar)
    1.54235e+03   -6.28229e+03   -8.31617e+03    2.92359e+02   -1.39618e+03

           Step           Time
        2400000     4800.00000

   Energies (kJ/mol)
           Bond          Angle    Proper Dih.  Improper Dih.          LJ-14
    2.27469e+01    2.56893e+01    4.48901e+01    1.69945e+00    1.56014e+01
     Coulomb-14        LJ (SR)   Coulomb (SR)   Coul. recip.      Potential
    1.81135e+02    1.18166e+03   -9.62917e+03    9.29243e+01   -8.06282e+03
    Kinetic En.   Total Energy  Conserved En.    Temperature Pressure (bar)
    1.60772e+03   -6.45510e+03   -8.30477e+03    3.04751e+02   -1.24181e+03

           Step           Time
        2500000     5000.00000

Writing checkpoint, step 2500000 at Tue Jul 21 18:40:29 2020


   Energies (kJ/mol)
           Bond          Angle    Proper Dih.  Improper Dih.          LJ-14
    2.02998e+01    4.87016e+01    4.63921e+01    4.37921e-01    1.18852e+01
     Coulomb-14        LJ (SR)   Coulomb (SR)   Coul. recip.      Potential
    1.92948e+02    1.14980e+03   -9.52557e+03    9.35371e+01   -7.96156e+03
    Kinetic En.   Total Energy  Conserved En.    Temperature Pressure (bar)
    1.65598e+03   -6.30558e+03   -8.27281e+03    3.13899e+02   -1.23130e+03


	<======  ###############  ==>
	<====  A V E R A G E S  ====>
	<==  ###############  ======>

	Statistics over 2500001 steps using 100001 frames

   Energies (kJ/mol)
           Bond          Angle    Proper Dih.  Improper Dih.          LJ-14
    1.31381e+01    3.73616e+01    4.55552e+01    2.75453e+00    1.36239e+01
     Coulomb-14        LJ (SR)   Coulomb (SR)   Coul. recip.      Potential
    1.91968e+02    1.18776e+03   -9.54345e+03    9.22649e+01   -7.95902e+03
    Kinetic En.   Total Energy  Conserved En.    Temperature Pressure (bar)
    1.58229e+03   -6.37673e+03   -8.45379e+03    2.99931e+02   -1.04297e+03

   Total Virial (kJ/mol)
    7.49441e+02   -5.88673e-01    5.67217e-01
   -5.89657e-01    7.49569e+02    1.25456e+00
    5.67852e-01    1.25609e+00    7.49033e+02

   Pressure (bar)
   -1.04282e+03    1.06094e+00   -3.74885e+00
    1.06557e+00   -1.04359e+03   -5.94344e+00
   -3.75183e+00   -5.95065e+00   -1.04249e+03


	M E G A - F L O P S   A C C O U N T I N G

 NB=Group-cutoff nonbonded kernels    NxN=N-by-N cluster Verlet kernels
 RF=Reaction-Field  VdW=Van der Waals  QSTab=quadratic-spline table
 W3=SPC/TIP3p  W4=TIP4p (single or pairs)
 V&F=Potential and force  V=Potential only  F=Force only

 Computing:                               M-Number         M-Flops  % Flops
-----------------------------------------------------------------------------
 Pair Search distance check           14955.726600      134601.539     0.6
 NxN QSTab Elec. + LJ [F]            250214.680512    10258801.901    42.0
 NxN QSTab Elec. + LJ [V&F]           10425.715040      615117.187     2.5
 NxN QSTab Elec. [F]                 231024.287040     7854825.759    32.2
 NxN QSTab Elec. [V&F]                 9626.106320      394670.359     1.6
 1,4 nonbonded interactions             102.500041        9225.004     0.0
 Calc Weights                          4732.501893      170370.068     0.7
 Spread Q Bspline                    340740.136296      681480.273     2.8
 Gather F Bspline                    340740.136296     2044440.818     8.4
 3D-FFT                              245760.098304     1966080.786     8.0
 Solve PME                              640.000256       40960.016     0.2
 Shift-X                               3218.101893       19308.611     0.1
 Bonds                                   22.500009        1327.501     0.0
 Angles                                  90.000036       15120.006     0.1
 Propers                                 95.000038       21755.009     0.1
 Impropers                               10.000004        2080.001     0.0
 Virial                                  67.600676        1216.812     0.0
 Stop-CM                                 63.101262         631.013     0.0
 Calc-Ekin                              631.001262       17037.034     0.1
 Shake                                   73.486652        2204.600     0.0
 Constraint-V                          1582.501266       12660.010     0.1
 Shake-Init                              30.000036         300.000     0.0
 Constraint-Vir                          62.100621        1490.415     0.0
 Settle                                 507.500609      163922.697     0.7
-----------------------------------------------------------------------------
 Total                                                24429627.419   100.0
-----------------------------------------------------------------------------


     R E A L   C Y C L E   A N D   T I M E   A C C O U N T I N G

On 1 MPI rank, each using 8 OpenMP threads

 Computing:          Num   Num      Call    Wall time         Giga-Cycles
                     Ranks Threads  Count      (s)         total sum    %
-----------------------------------------------------------------------------
 Neighbor search        1    8     100001      83.557       1467.270   2.0
 Force                  1    8    2500001    1327.872      23317.709  31.6
 PME mesh               1    8    2500001    1811.607      31812.187  43.1
 NB X/F buffer ops.     1    8    4900001     483.437       8489.249  11.5
 Write traj.            1    8      25005       3.899         68.461   0.1
 Update                 1    8    2500001     144.848       2543.558   3.4
 Constraints            1    8    2500003     123.267       2164.599   2.9
 Rest                                         229.488       4029.858   5.5
-----------------------------------------------------------------------------
 Total                                       4207.975      73892.891 100.0
-----------------------------------------------------------------------------
 Breakdown of PME mesh computation
-----------------------------------------------------------------------------
 PME spread             1    8    2500001     780.003      13697.009  18.5
 PME gather             1    8    2500001     696.244      12226.178  16.5
 PME 3D-FFT             1    8    5000002     251.389       4414.446   6.0
 PME solve Elec         1    8    2500001      20.300        356.467   0.5
-----------------------------------------------------------------------------

               Core t (s)   Wall t (s)        (%)
       Time:    33663.781     4207.975      800.0
                         1h10:07
                 (ns/day)    (hour/ns)
Performance:      102.662        0.234
Finished mdrun on rank 0 Tue Jul 21 18:40:29 2020

